HECW1
ARX
SLC4A1
PRSS22
MYH13
UPP2
SLC13A2
TFAP2B
IYD
HHATL
SYT7
ACPP
DPEP1
CNTN1
RNASET2
INSRR
IBSP
CASR
ZIC2
GUCA2B
CP
LMO3
TNFRSF9
EPN3
TNIP3
COL23A1
PTPRN
ITIH1
RIMBP2
SPAG4
WISP2
DMRT3
SLC9A3
PITX1
FGF10
CHAT
SLC12A3
MYO3B
SCARB1
CD5L
SNCB
SLC12A1
WNT8B
ATP12A
TUBA3D
ACTL6B
CST7
AMPH
TP73
CLUL1
AFM
SCGN
RDH8
COL5A3
SEMA5B
LINC01587
GRHL2
EPYC
NKAIN1
APOB
MT3
PTHLH
SULT2B1
FER1L4
SLC4A11
F11
SIRPG
CHGB
TBX5
NOS1
LAG3
RGS1
SLC26A4
TF
ANGPT2
MYH7
SLC7A8
TBL1Y
TBX15
EPB41L4B
IL11
MYO3A
TREM2
MAGEB2
AMELY
SEC14L3
IL2RB
KCNK10
CPNE6
MMP9
VSX1
MYBL2
BMP7
SLC17A9
BIRC7
CHRNA4
TRIB3
HAO1
VSIG1
PAGE4
VGLL1
OLFM4
HSF4
AQP9
TRPA1
CALB1
SFRP1
ESRP1
STMN2
TNNT1
CNTD2
SIGLEC8
LIM2
NKG7
SULT2A1
THEG
KCNN1
HAMP
GRIK5
DNAH11
DLX5
NPTX2
TFR2
GALNTL5
LHX2
CA9
TYRP1
GATA3
PKD2L1
KRT32
NEIL3
CRTAM
FOLR3
APOA4
CALCA
VWF
DAO
CYP27B1
IFNG
ENO2
AICDA
SIM1
EYA4
NR2E1
SLC17A2
VEGFA
CLIC5
MEP1A
C7
SLC4A9
LOX
GZMK
ST8SIA4
FGF1
STC2
HRH2
UNC5A
KNG1
HRG
CLDN16
RBP2
HHLA2
TNNC1
CCL20
TFCP2L1
GNLY
SLC9A2
SLC5A7
DLX2
KISS1R
PAPPA2
NPHS2
CD2
NT5C1A
HPCAL4
ACTL8
PLA2G2D
CR2
CCDC181
FASLG
PLPPR5
PROX1
TNNT2
TCF21
OLFM3
TRPM6
PGF
ALDH6A1
ESRRB
NKX2-3
TEX11
LYZL1
TGFBI
RGSL1
GJA8
GJA3
LINC00544
XPNPEP2
PAEP
OBP2A
PLG
HS3ST2
OPN4
NRK
TNFAIP6
SEMG2
GTSF1L
SEMG1
C20orf85
MAGEA10
CRISP2
KCNK17
MT1G
TNFSF9
CD70
C3
TNFSF14
OVOL2
TMEM74B
SIRPD
PROZ
KRT36
FLRT1
WNK4
DACH2
HSPA2
AIF1L
AVPR2
TSPAN8
TRPV5
RASL11B
MCHR1
APOL5
TBC1D27
HOXD13
MYOD1
CD68
EGLN3
FOXJ1
LBP
ANGPTL8
APOC1
DPP6
ATP8B3
EPO
RBBP8NL
FIBCD1
PNCK
DUSP9
HSD17B3
C1QL1
CCL25
SLC34A1
IDO1
G6PC
BARX1
PPP1R1B
FSHB
CRP
RAB25
ALDH3B2
SLC14A2
NMUR2
GPR12
MYBPH
CHIT1
LGALS12
CA1
TEX15
ADAMDEC1
MRO
CHL1
GSTM3
VTCN1
SAA2
FOLH1B
CYP2J2
SDS
HILPDA
MRAP2
EHF
ELF5
TROAP
B4GALNT1
CHRND
USP44
IGF2BP3
SCN2A
SCN7A
GATA4
ALDOB
BAAT
LMX1B
DMRT1
SLC22A7
CAPN11
HCRTR2
TTPA
TMPRSS4
MMP13
ITPKA
PAK6
SLC28A2
STRA6
CGREF1
BTBD16
ADAMTS14
CHRNA1
GUCA1C
CXCL9
EGF
PIK3C2G
CD27
INHBE
PTPRQ
KERA
GAS2L3
ZIC5
C14orf37
SH3GL3
SLC5A2
ITGAX
MYLK3
NOL3
SLC14A1
SLC16A3
MAPK4
CBLN2
DMRTC2
TMEM91
PGGHG
DNMT3L
SLC6A3
IGLON5
CFAP74
PRDM16
PADI3
PADI1
FAM163A
HORMAD1
SUSD4
PPFIA4
NXPH2
DLX1
GADL1
TAGLN3
SPATA16
GZMA
HAPLN1
CRHBP
ADAMTS19
CPLX2
SLC17A4
PLA2G7
CLVS2
SLC2A12
IGFBP3
IGFBP1
ASB15
ZAN
STRA8
CNPY1
ASB10
GPC3
FATE1
DNAJC5B
PSKH2
GSDMC
CDKN2A
PLPPR1
CDHR1
SAA4
SLC22A8
ZP1
FAM57B
DOC2A
FXYD4
PCDH15
FCGR1A
KLHL1
CDH8
PRSS53
PTPRO
ANO4
KCNJ1
TMEM45B
GABRA2
RBM46
ZNF37CP
TUBA3E
TMEM178A
POU4F1
GRIA4
DMP1
GRM1
JAKMIP1
CPB1
LGI2
PLA2R1
ADGRF1
CD8A
LGI4
C16orf74
ENPP3
FAM167A
GBP5
CA10
PROM2
GOLGA7B
XAGE2
FMN2
ADCY8
BATF
CXCL13
CLDN8
SORCS3
GDF6
ITGAD
SST
ATP2B2
SLC30A2
HPD
SLC13A3
HTR6
SLC5A11
WNT9B
TNNI1
HOXB13
SIM2
PLA2G4D
HK2
ISL2
CRYAA
LCN1
PTH1R
PTGER1
COL26A1
PGLYRP2
NPHS1
PRR35
SSTR5
HS3ST6
FAM151A
BSND
LHX8
NTNG1
BRINP3
CADM3
EN1
INHBB
SPRR3
NIPAL1
FAM19A4
IGFN1
SLC15A2
EOMES
AIM2
FABP1
ICOS
SYNPR
ALB
DCLK3
CXCL5
LRRC2
GRIK3
LIPH
CLDN19
NDST3
TMEM155
RANBP3L
SCGB3A2
ESM1
ENPP6
TERT
FABP7
SLC35G3
SLC30A8
UNCX
SLC7A13
CTHRC1
DCSTAMP
FREM1
ZMAT4
TRPV6
SLITRK5
MBL2
TMEM52B
FRMD7
ANKRD2
SERPINA12
NELL1
SPIC
MOGAT2
PKD1L2
NNMT
SCNN1G
CACNG2
CHP2
MS4A14
MS4A15
B4GALNT2
ACSF2
AQP2
ANKRD33
LAIR2
TMEM145
GGT6
KLK4
KLK5
KLK6
ANGPTL4
SOST
ENTPD3
FAM83B
C8orf22
MTNR1A
SCNN1B
GBX2
ADAM18
KLK7
CXCL10
CXCL11
PDILT
UMOD
GP2
KCNK9
HTRA4
MUC15
TACR3
MUC17
MUC3A
S100G
SERPINA9
FAM153A
RNF150
SLC16A5
FABP6
SLN
AC091390.1
KRT78
KRT72
IRX1
IRX2
HOXB9
CEL
PSG6
LILRP2
HS6ST2
PATE1
OBP2B
NETO2
KSR2
FGG
FGA
OR2AT4
FGB
LGALS4
PRND
SCG2
MAL
REG3A
REG1B
CD8B
MYOZ2
EFCAB3
C2orf54
AGXT
ACOT12
CTSW
CES4A
MYEOV
FRG2C
ADAMTS20
CST9
SAA1
ADGRF3
UGT2A1
HSPB7
SPTBN2
FAM46D
GOLGA6L2
MFSD4A
IL20RB
CATSPERD
AMZ1
RAG2
GAL3ST3
C1orf127
C15orf53
PRIMA1
ZNF683
AQP7P4
PRR15
OR10AB1P
C15orf56
SOX11
LY6H
LINC00982
RPRM
KCNJ10
ODF3B
LINC01658
CALML3
TUBAL3
CA8
ERBB4
DEFB125
C5orf46
MSC
AURKB
TRIML2
AC020907.1
MTUS2-AS1
CDH4
AL162457.1
C2orf71
GPC5
ALOX15B
TPPP2
ABCA13
ITLN1
F2
SLC9A4
ALX1
MTURN
OR10Q1
SLC47A2
OR2A4
C3orf22
LINC01555
AC004832.1
MUC16
UTS2R
DDN
SAGE1
TMEM45A
EDDM3A
C6orf223
FDCSP
AQP7P2
TRPC2
B4GALNT4
NXPH4
CAPN12
EPGN
PAPPA
WFDC10B
SOX1
ABAT
NKX2-5
AL109615.1
FAM9A
OVCH2
PMCH
KCTD8
FAM3B
DUSP5P1
TMPRSS2
PCDH9
CDR1
TACSTD2
C17orf74
FAM167A-AS1
CDCA2
RALYL
TCEAL2
CLCNKB
SGCZ
NPY2R
MFSD6L
LINC00313
SCN10A
LINC00158
KPNA7
KRT6B
DLK1
AHNAK2
NDUFA4L2
SMIM23
NAT8L
LINC01405
CD300LF
CYP4F2
KIF18B
SLC36A2
DEFB132
OR9Q1
CLCNKA
PRG2
CXCR3
LILRB4
TNFRSF4
C1QL4
LINC01551
TMPRSS11A
LCE2D
MYMK
PERM1
SLC18A3
DNAJB13
GABRD
TMEM72
HELT
P2RX2
TTC24
RTP5
C19orf67
RAB42
WNT7B
RUFY4
C10orf99
PDCD1
NANOS2
SERPINA5
PAQR9
OR7E90P
HMX2
KLRG2
SBSN
ANKRD34B
DPY19L2P1
LINC00943
RASSF10
BECN2
RFX8
ESRRG
SPTSSB
LINC00173
HIST1H2AI
S100A2
DTHD1
NPSR1-AS1
AC068631.1
AC090673.1
GATA3-AS1
AC060834.1
CYP2B6
COL4A6
DMBX1
KLKP1
KLHL14
LHFPL5
HES5
ELOVL2
TUBA3C
AVPR1B
NPIPB13
AC021146.1
TMEM207
TATDN2P1
RTP2
SLC34A3
ABCA4
EPS8L3
FAM169A
L1CAM
CSAG1
SOWAHA
MIR210
RNU4-90P
RNU1-47P
VTRNA1-1
RNU6-226P
RN7SKP78
AC105020.1
AC004988.1
AL450313.1
FCGR3A
SMIM9
LRIT2
SLC12A5-AS1
TCEAL6
CXorf65
SMIM5
AL590644.1
MCCD1
PSORS1C3
POU5F1
PSORS1C2
HLA-G
MOG
FAM153C
C9orf135
IGFL2
KRT40
KRT25
ERICH4
LINC02138
FRG2
ARID3C
DGAT2L7P
MUC12
CTXN3
MT1H
KRT6A
AL592528.1
KRT81
ARRDC5
DPP9-AS1
GMNC
LINC00487
OR7E91P
IFITM5
GYG2P1
FOXL2NB
RNU6-44P
RNU6-339P
RNU1-106P
RNU1-67P
RNU6-1160P
MIR499A
DIO1
TRBV4-1
TRBV9
TRBV10-1
TRBV6-5
TRBV4-2
TRBV23-1
TRBJ2-3
TRAV19
TRDV1
TRAV24
TRAV27
AC245369.1
MIR509-2
RNA5SP18
RNU6-796P
HMGN2P8
AC093281.1
AC097065.1
AL009178.1
EEF1DP5
VDAC2P3
YBX2P1
AC016769.1
LAT
SLC16A14P1
KLRK1
AL645939.1
UBD
AC019080.1
RPL6P5
AL360182.1
LINC00887
RAD51AP1P1
SPINK13
AC004870.1
MS4A4E
FER1L6
MTCP1
APOC1P1
SEM1P1
TBC1D26
GSG1L2
LINC00588
AMD1P4
LINC01020
KCNU1
AP000523.1
RNF212B
HMGB3P7
SIAH3
RPTN
MIR513C
AL139039.1
SSXP10
AC099552.1
AC008060.1
AL512378.1
AMZ2P2
AL355796.1
LL22NC03-63E9.3
SNORD99
MAGEA3
TTC4P1
AP001341.1
RNU2-52P
RN7SKP296
RNA5SP498
AL158817.1
LINC00473
AC011625.1
LINC01615
AL683807.1
AC005165.1
AL135785.1
AC239801.1
SIRPB3P
LINC01983
LINP1
AL357507.1
MYCNUT
EGFR-AS1
AC099786.1
LINC01857
AC099786.2
AL390729.1
LINC01991
LINC01832
AC068707.1
AP000697.1
IFIT6P
CHL1-AS2
OACYLP
LINC01280
AC010886.1
GUSBP6
AL109933.1
TTC21B-AS1
AL513164.1
LINC01706
CDKN2A-AS1
CASC6
AC000067.1
AC015977.1
FTH1P22
AL162457.2
AC092484.1
SLC9A3-AS1
OSTM1-AS1
AC078962.1
AC007362.1
HSPA7
LINC00705
AL121987.1
AC022080.2
AC243962.1
AC015977.2
SFTA1P
LINC00475
AC096669.1
AL606519.1
BX255923.1
AC114737.1
AL031846.1
BX890604.2
AL034399.1
LINC01831
MIAT
LINC00626
NIPA2P1
AL645939.2
LINC01529
AL109924.1
FRG2B
AL591468.1
LGALS17A
ARHGAP26-AS1
AL031123.1
AL008733.1
SLC16A1-AS1
ANKRD18DP
AC008013.1
PP12613
AC244035.2
C13orf42
AC005082.1
SHROOM2P1
AC093787.1
ERVMER34-1
AC012593.1
Z98257.1
IL21-AS1
AL162724.1
LINC00845
AL139280.1
RPL37P1
AC124861.1
AC099066.2
AL136528.1
AC073486.1
MRLN
LINC01655
LINC01738
CYP1D1P
LINC00864
IFNA14
AC097713.1
NLGN1-AS1
LINC02048
ORM2
AL450322.1
AL360182.2
DHFRP2
LINC01546
AC099552.3
HK2P1
AF274858.2
Z97056.1
AC074327.1
AC096558.1
AC002384.1
AL592494.1
AC012123.1
LINC01428
LINC02041
HNF4A-AS1
AKR7A2P1
KRT223P
YY1P2
HCG4P8
LINC02038
AL445471.1
AC105398.1
AL162400.2
ORM1
AL359853.1
AC073850.1
LINC01789
LINC00379
AL390115.1
AL590762.4
LINC01501
AC073115.1
PRAC2
LINC01758
LINC02526
AL450322.2
AL109924.2
AC044781.1
CXCR2P1
AL035665.1
AC103925.1
AL353637.1
AL450469.1
AC092813.2
ME2P1
AL160290.2
LINC00443
DDX43P3
ELOVL2-AS1
NCAPD2P1
AL136376.1
AC114803.1
PROX1-AS1
BASP1P1
AL353152.1
CYP4F60P
AL161621.1
AL079301.1
LINC00160
RPL7L1P9
AL355303.1
AC011752.1
AP001605.1
LINC00704
AC091812.1
AP000696.1
AC007919.2
LINC01305
AL365356.4
AC099568.1
LINC01704
LINC00410
LINC01611
LINC01819
AL109615.2
DARS-AS1
GAPDHP37
AL442224.1
AC004870.4
AL662789.1
AL450469.2
IFNWP5
AC073218.1
ARSFP1
AL096799.1
AL357514.1
AL683842.1
AL138830.2
AC074366.1
AL109809.1
AL390294.1
LINC01705
ATP11A-AS1
AC107057.1
LINC01700
RPL23AP93
AC018742.1
LINC01271
LINC01762
FAM238A
AL117382.2
AL022334.1
LINC01077
AC008163.1
LINC01638
LINC00460
AL035604.1
AC017104.3
AL391845.2
LINC00462
GAS6-AS1
AC103563.7
FTLP15
PAGE2
AC241644.2
AL109809.2
AC009264.1
AC007278.1
AL590822.1
AL138930.1
RHOXF1P1
AL354751.1
LINC00380
CDC42P2
MIR155HG
AC016027.2
LINC01827
LINC02539
AC062015.1
AL121974.1
DSCAM-AS1
AC103563.8
ZNF33CP
AL162724.2
TUBBP6
AL592431.1
LINC01281
DUSP5P2
LINC01665
AC016769.3
LINC01055
LINC02154
AC051619.1
LINC01889
BX842568.4
LINC00298
AC116614.1
SRGAP3-AS4
BX293995.1
AL034399.2
ADORA2BP1
AL110503.1
AL450311.2
AL133466.1
AC019117.2
AL359313.1
VENTXP7
AC026355.2
AL807752.4
AC073336.1
CTSLP1
AC003092.1
KCNMA1-AS1
LINC02195
LINC01744
LINC00896
VN2R9P
LYPLA2P3
AL354751.2
Z98751.2
CTAGE9
LINC00299
LINC01378
AC051618.1
GAPDHP51
WASF3-AS1
MICG
AC005550.3
IGHJ3P
DLEU7-AS1
AL162725.2
AC073324.1
Z99289.1
AC068492.1
AC004906.1
LINC01732
LINC01358
HLA-DPA3
AC006960.2
LINC01351
AC073115.2
DGCR5
AC012668.3
AC073257.2
AL139039.3
AL031726.1
AF064858.3
SIRPG-AS1
AL078604.2
OR2I1P
ARMC4P1
LINC02257
AP000844.2
AC068196.1
AL356364.1
AC097066.1
AL354863.1
MIR1270
RNU7-159P
RNU6-953P
RNU2-11P
SNORA84
AC117513.1
LINC00879
AC091959.2
MYADML
CPHL1P
RN7SL541P
AC090255.1
CDKN2B-AS1
RN7SL69P
AC034238.1
LINC02067
AC010655.2
PLGLA
AC105910.1
AC093719.1
LINC00881
AC128685.1
TDGF1
C3orf85
AC004930.1
LINC01192
RPL7P5
PAQR9-AS1
AC092757.1
AL158847.1
AC078980.1
RN7SL124P
RN7SL127P
AL049634.1
C3orf67-AS1
LINC01206
UGT1A10
AC108025.2
AC126121.2
AC107464.1
RPL21P13
UGT1A3
AC079760.2
HNRNPA1P17
MNX1-AS1
AC006148.2
HOTTIP
RN7SL67P
AC078918.1
AC012181.1
RN7SL659P
IGKV2-28
OR9N1P
RPL30P7
AC093001.1
UGT1A4
FCGR2C
AC055748.1
LINC00461
AC008659.1
PRR7-AS1
MIR210HG
AC008609.1
AC023154.1
ADH1C
LINC02150
LINC02360
LUCAT1
APELA
AC011352.1
FOSL1P1
LINC02149
LINC02437
LINC02058
AC147055.1
AC012613.1
LINC02100
AC083902.2
AC021127.1
AC107220.1
SMIM31
LINC02511
AC122719.1
AL133372.2
LINC01033
WSPAR
LINC02362
AC010267.1
AC021192.1
LINC01411
AC095060.1
AC093523.1
AC124017.1
IL20RB-AS1
ADAMTS19-AS1
AC011352.2
LINC01234
BMPR1B-AS1
LINC02465
HMGN1P13
AC105384.1
HS3ST5
PVT1
AC106895.1
LINC02377
AC139495.3
AC097504.1
LINC01612
AC106772.2
LINC02499
AP004147.1
LINC02121
AC104407.1
AC092436.4
LINC02515
AL121796.1
LINC02269
C8orf17
AC024022.1
HMGN1P17
AC106892.1
AC105384.2
AC137770.1
AC110799.1
LINC02061
AC022905.1
AC107396.1
AC024132.2
AC093281.2
AC113346.1
F11-AS1
TMEM92-AS1
GOLGA5P1
AC106895.2
AC011352.3
AC122710.2
AC079340.2
AC013724.1
LINC02110
AC119751.6
LINC02172
RNU6-1161P
RNU6ATAC39P
SNORA74D
RNU6-911P
RNU6-759P
RNA5SP40
AC084026.1
AC015743.1
AC100860.1
TRBV7-7
AC018541.1
LINC01606
AC078906.1
AP003469.2
AC012613.2
AC027309.1
LINC02099
AC104257.1
AC104966.1
AC090568.2
AC021744.1
AC136601.1
AC091946.1
AC008663.1
AC105999.2
AC007991.2
AC011383.1
AC090150.2
AC011369.1
AC011257.1
AC105118.1
AC079015.1
LINC00051
AP001207.3
AC103719.1
AC022733.2
AC025434.1
AC015522.1
AC103770.1
AC022390.1
AC007991.4
AC083967.1
AC064802.1
AC048387.1
OR2AT1P
AP000911.2
AL136088.1
DEFB131E
AC022039.1
AP003555.2
AP001775.1
AP003100.1
AC068858.1
RTL1
OR5BD1P
CASP1P2
AC008750.1
AC073172.1
AP006284.1
AP001893.3
AC044810.2
AP001257.1
AP000781.2
AC093496.1
AC136475.3
SAA2-SAA4
AC005324.4
AP004247.2
CARD17
AP003484.1
OR5BA1P
AC068389.4
AC108136.1
SMILR
UBTFL10
AP001972.4
AC008750.2
AC022880.2
AC022509.1
AC009533.2
AP000439.2
AP003717.1
AC022364.2
AC092851.1
AP000439.3
AC084117.1
AL590560.1
LINC02446
AC063926.1
LINC00944
AP002518.1
AC005186.1
AP006333.1
AP003559.1
AP006333.2
AC007406.3
AC156455.1
AC084880.3
LINC02441
CLEC12B
AC026369.2
AC087318.1
AP002991.1
AC095350.2
AC006065.4
STH
KLRF2
AP000721.2
AC026369.3
HP
LINC02417
AP000797.3
NHLRC4
AC090709.1
AC079584.2
PRELID2P1
AC025154.2
AC079310.1
KCCAT198
AC025265.1
AC010200.1
AC106788.1
LINC02416
AC008125.1
AC128707.1
AC008083.2
LINC02410
AC079384.1
AC016526.1
LINC00645
BLZF2P
AL161668.3
HIF1A-AS2
LINC00871
AL358334.3
AL359399.1
LINC02310
TRAV28
AL110505.1
EGLN3-AS1
LINC01956
TMEM179
LINC00524
AL163932.1
PTCSC3
LINC00928
GOLGA8VP
AC084759.1
AC021818.1
AC066612.2
AC051619.3
AC087525.1
AC048383.1
LINC01583
AC104316.2
AC092078.1
AC104261.1
AC092078.2
AC091891.1
PCSK6-AS1
AC092325.1
AL049838.1
LINC01571
MMP2-AS1
AL132657.2
AC023825.2
AC008060.4
AC127455.1
AC007216.1
AL499627.1
AC009035.1
RBM22P12
AP007216.2
AC099482.1
KIF18BP1
AC093520.1
PWRN3
LINC02280
AP005233.2
AC104072.1
AC015818.2
AC135050.3
Z98259.1
AC004847.1
AC115619.1
AL445471.2
AC084783.1
AC093904.4
AL049555.1
LINC02473
LINC02188
AC135012.1
AC093520.2
LINC01751
AL160286.3
AC120498.6
AC122134.1
LINC02152
AC012645.3
AC021087.4
AC108860.2
AC013391.3
LINC01976
HLA-P
AC093849.1
GOLGA6L7P
LY6L
SSTR5-AS1
AC105243.1
TCF24
AC093627.7
TUBB8P7
LINC00675
MIR548AN
LINC01543
BX547991.1
MIR378B
MIR23C
AC137723.1
AC090337.1
MIR4420
AP001180.4
AC011933.2
PPY2P
AC004687.1
AC009084.1
ZNF488
GACAT2
AC004585.1
AC021506.1
AP001381.1
AC006441.4
AC061975.6
AC023421.1
AC079466.1
LINC01929
AC005757.1
E2F3P1
AP005229.1
AP001029.1
AC008105.3
LINC02081
LINC01924
AC007993.1
AC105105.1
AC061975.7
AC008649.1
RPL23AP77
LINC00906
EIF5AP3
AC015911.7
AC068473.4
AC007993.2
AC005616.1
LINC01928
LINC02073
FAM215A
AC008991.1
AC005264.1
AC011471.2
AC104971.3
AC008742.1
AC105105.3
AC008991.2
AP005131.5
AC105227.1
AC020917.2
AP005264.6
MIR4527HG
AC130469.1
AC093063.1
AC008392.1
AC010329.1
AC006262.1
SIGLEC18P
IGFL2-AS1
AL158151.4
AC022432.1
ADGRE4P
RPL7P50
IGFL1P1
AC011462.3
ZNF209P
AC010463.2
AC074135.2
CCDC194
AC006262.2
AC004817.3
AL021328.1
AC090559.2
AP003465.2
AP001995.2
AC020910.2
AL499605.1
HEATR9
OR7E108P
AC093915.1
LINC01235
APOOP1
Z99289.2
AC008385.1
AC087468.1
AL355376.2
AC007326.1
Z98751.3
AL109809.4
CCL5
AC108463.3
ACTG1P22
BNIP3P19
AC136601.2
Z97200.1
LINC02343
AL161716.1
AC073218.2
AL445647.1
AL365181.2
AC122710.3
AL645939.5
AC034236.3
LINC00551
AC010857.1
AL355578.1
AFAP1-AS1
AC019069.1
AP000864.1
AC093732.2
AP000525.1
DGCR9
LYPD4
AP005229.2
DGCR10
AL359736.1
AP005432.2
AC004832.6
AC133644.2
LINC02348
AC087284.1
HIST1H2BM
LHX1
CEACAM20
AC011297.1
AC069209.1
AC090164.2
AL035661.1
MIR6728
AL031665.1
AC015722.2
AL359314.1
AC105105.4
AC148476.1
AC007336.2
HIST1H4F
AC243829.1
AC011700.1
AC254629.1
AC009159.1
AL391095.2
MIR6503
CCL18
AC018695.6
AL449403.2
AC023509.5
VN1R7P
AC104237.2
AC025580.3
AL133320.1
AC244157.2
PRSS2
AC021491.4
AC125603.4
AC009542.2
FP236240.1
PIK3R6
AC243829.2
KCNE1B
AC105105.5
AC104237.3
AC137834.2
BX640515.1
AC244472.4
AC245041.2
AL109933.4
MIR7848
AC008760.2
AC243829.4
AL589743.4
AL589743.5
AC243773.2
MIR8058
AL356752.1
AC007906.2
FP325317.1
NLRP3P1
LINC02351
AL133325.3
AC243967.3
AL589182.2
AC141557.2
AC087045.3
AL139125.2
C18orf15
AC004014.2
AL022323.3
AC138951.2
AC009951.1
AP002833.3
AC130469.2
AL078596.1
AC008957.3
Z82170.1
AC112243.1
AC108704.2
FAM230C
AC002451.2
AC011239.2
AQP7P3
AC133637.1
AC005336.3
AP000997.3
AL109924.4
AL512383.1
AC015660.5
AL356585.4
AL031595.1
AC023024.2
AL031595.2
TMEM75
AC016526.3
LINC01667
AC122688.4
AC126564.1
AL450226.2
AC068299.1
AC009084.2
AC010872.1
AC007326.2
PCAT14
LINC01943
AC073324.2
FOXCUT
LINC01163
SCHLAP1
C2-AS1
LINC00602
