RBM6
SPATA20
IFRD1
ELAC2
ARSD
MMP25
RPS20
IDS
FMO1
LTF
MAN2B2
DDX11
ZC3H3
CXorf56
MRE11
NLRP2
PLEKHO1
EFCAB1
SH3YL1
NSUN2
FBXO42
MFAP3
PHLPP2
LSG1
GEMIN8
MRPS10
RCN1
THOC3
LY75
ITIH4
FLYWCH1
SPAG4
UHRF1BP1
WDR18
ADAT1
SPEN
ZFAT
MYO9A
POLR1A
STON1-GTF2A1L
TRPC7
FAM3A
CPSF1
FCGR2B
TIPIN
TTC38
VPS9D1
DLG1
SEC31B
FMO4
CAPZB
PIK3C3
GNB1
PPIE
PILRA
USP40
DOCK3
LZTS3
SNX5
GRAMD1A
LYZ
AARS
SPAG7
HAUS4
SNAP23
NUP50
ADA2
PSMD5
WHRN
CWF19L1
TPSD1
IFT74
HSD3B7
MARCH2
DDTL
GSTT2
CYP2D6
APOL4
FOXRED2
FAM118A
ATP6V1D
GSTZ1
TELO2
EMC9
CD40
STK4
ISM1
SIRPB1
CEP192
PLP2
MGRN1
TAF1C
NOMO3
HAGHL
KNOP1
AP3B2
ZDHHC2
SNX16
ANXA13
DCTN6
KLHDC4
AMH
TLE6
CCDC114
PON3
PON2
ABHD11
PLEKHA8
NSUN5P2
AP1S1
C1GALT1
ACTR3C
STAG3L4
NMRK1
LHPP
RPL28
KRT23
TRIM37
CHRNE
FTSJ3
MPP2
HLF
DCUN1D4
UFSP2
FOXRED1
ACCS
NAA40
SLC35F2
ELMOD1
LIN7A
PRR4
AKAP3
LTBR
SLC38A1
STX2
GNB3
SPSB2
AC009533.1
RWDD1
HDDC2
MTRF1L
MDGA1
THBS4
DROSHA
PPWD1
NPHP3
HHLA2
SLC41A3
CSPG5
ACTR1B
POLE4
MRPL19
LANCL1
TAF1B
NOL10
MORN1
GPX7
CEP104
CFHR3
WARS2
GBP3
CR2
IPO13
CCDC181
MTFR1L
RPA2
SLC5A9
A4GNT
SPACA1
HS1BP3
PIGZ
IFI27L2
ACOT2
EIF2B2
PYROXD2
MYCT1
PCDHB8
SNX19
KCNJ5
MASTL
SOHLH2
DNAJC15
TRIM6
PYROXD1
BCL2L14
ZNF211
PILRB
TBC1D15
MTERF4
LRRC39
CCZ1
NUDT10
RBM19
EBPL
GUCY1B2
NRK
PMS2P5
FAM124B
WFDC3
MRS2
SLC17A3
PEX6
NQO2
GNMT
GOT2
GRK4
NUP85
PSD4
GPR108
TGM3
GZF1
MCM8
ZNF436
KLC1
PRDX5
RHOJ
WDR60
YEATS4
TAS2R4
WFIKKN1
PNKD
STYXL1
SRD5A3
BAIAP2L2
CCDC32
KNSTRN
ANAPC13
KRI1
PRRG3
MOSPD2
LSM7
QRSL1
STK33
NDUFA10
SULT4A1
PLXNA3
PKDREJ
EPS8L1
CLUHP3
EFR3A
FIGNL1
EIF5A
PRMT7
IGHMBP2
CASP9
HRASLS2
GSTT2B
LARS
LRRCC1
ELP3
CHL1
GSTM3
TIMM10
GIF
AGTPBP1
ESPL1
AHI1
TSGA10
RNASEH2B
GPNMB
CIB2
VEZF1
TOR1A
PRPF4
TRMO
VARS2
SLC28A2
SPTBN5
SLC44A5
ARL3
APH1B
FGF5
LARP1B
NAAA
NUP54
TAPBPL
PPFIA2
KANSL2
GRTP1
CBLN3
PTGR2
SCAPER
MAN2C1
IQGAP1
CDRT15P1
C17orf80
VPS53
SCRN2
SLC13A5
TP53
CCDC40
FN3KRP
NT5C3B
DUS3L
TMEM91
PGGHG
ARHGEF19
MYOM3
NBPF3
ITGB3BP
SLC44A3
NME7
RFX5
FLG
GUK1
MBOAT2
THNSL2
LIPT1
GPR17
ZNF385B
PHOSPHO2
TAMM41
SLC25A26
ARL6IP5
ZNF660
EIF2A
AMT
MUC4
FABP2
CBR4
GTF2H2
CXCL14
MYLK4
TBC1D7
WASH2P
CCZ1B
SSC4D
POMZP3
NIPSNAP2
TRIM4
CSGALNACT1
ADHFE1
NAPRT
CER1
SURF1
PDSS1
PPRC1
ZNF215
HSD17B12
APIP
CCDC82
TTC12
DRD2
FRMPD2B
PPP1R1C
DLG5
AKR1C2
CENPU
GABRA2
AC073869.1
TMEM163
ARL14EP
SPC25
G6PC2
GRIA4
RASGRP3
GPR180
ZNF117
MARVELD2
PLOD2
CAST
MERTK
FRMD1
TRAPPC8
KCNJ16
CEP112
CNTNAP3B
TRMT44
HEATR3
SETD9
RBM45
ALS2CR12
CFAP70
UGT2B4
WHAMM
CCT8
UNC5D
WDYHV1
MPV17L
TMED6
CLEC18A
CLEC18C
AASDH
LCA5L
AP3S2
C12orf43
TUBBP5
THEM4
ACE
ANKRD18CP
FAM131B
ATAD3B
NDUFV3
CBS
CSTB
C21orf33
ICOSLG
C21orf2
SPATC1L
PAQR6
VPS28
U2AF1L4
PRPSAP1
ALDH16A1
DBF4B
ADCY10P1
TPCN2
SLC1A7
SYNC
TMCO4
TDRD5
ACP6
PM20D1
OBSCN-AS1
PQLC3
CLHC1
H3F3A
CGGBP1
LRRC58
EFHB
RPL9
IL17RC
RFT1
C1orf50
ZNF589
ERAP1
ERAP2
NSA2
ANKRD55
DAGLB
KIF6
INTS4P1
CHMP4C
INTS1
NUDT2
SYK
METTL27
CASP7
C1QL3
PCBD1
MYRFL
BORCS7
NUDT13
XRRA1
TRIM66
ZSCAN21
ACSM1
LDHC
DCTN5
NEMP1
ATP23
PRR15L
ZNF528
DNAAF3
PSCA
KIFC2
SRR
ZNF83
SRP68
GSDMA
TMEM99
SRRM2
HRASLS5
SEPT2
SCNN1B
SFTPC
SERINC2
NDUFS5
TCTN2
ZBTB5
ADAL
BTNL3
AR
C8orf46
PRELID1
ZRSR2
COL22A1
INO80E
C15orf40
RGPD8
CENPX
CSGALNACT2
ROBO1
REPS2
CR848007.1
CHRNB1
STX8
ADORA2B
NFXL1
DNAJC18
NUDT9
GTSF1
GPR27
OSCAR
TPT1-AS1
PKHD1
MFN1
MORN4
MCC
ZNF584
ANO5
CYP4F11
TVP23B
ANKRD20A4
SERF1A
CLEC12A
PRSS27
C2orf54
CTSW
WASHC2C
ZNF738
RAB43
CBWD1
SNX32
ARPP21
MRPL57
PARP14
AHSA2
IQCB1
SNCG
FAM86B3P
ADGRF3
BCLAF3
RALGAPA1
CMKLR1
ZNF266
WDR49
PCP2
ABO
PSMD2
PPM1E
ZNF519
EIF3F
ZNF25
PAAF1
RMI2
CCDC57
SMIM19
DIRAS1
LRRC37A
HCG4
TMEM80
UBE2U
SHISA3
GAK
HLA-DQB1
GPC5
ZBTB42
AC140134.1
EXOC3
LYNX1
FAHD1
GLIPR1L2
D2HGDH
ST20
FKRP
RPH3AL
AC105219.1
SLC25A41
ZNF322
WASHC1
AMIGO1
PNMA8A
TP53TG1
FAM153B
IZUMO1
YBEY
DNM1P46
NCF1B
MXRA7
TSPAN10
TTC3
SEPHS1P1
NGRN
LYSMD4
C10orf107
AC138932.1
PI4KAP2
UTP11
SFXN4
GUSBP1
MAATS1
PNMA3
TTC32
OR2T10
ACOT1
TM2D3
A3GALT2
AP001062.1
ZFP1
ZNF93
TCEAL2
IFITM2
C12orf56
TMEM105
AC138393.1
PCGF3
PSMD13
ARL17A
AC013268.1
ZNF749
BTN3A2
CEACAM19
TMEM17
RHD
TAF9B
C17orf97
DHRS4L2
HELT
TMEM220
AC026412.1
PRSS45
FAM166A
AGAP4
ZNF559
ZP3
FBLL1
NPIPP1
CLN3
ASAH2
SAXO2
ALKBH2
APOD
FAM47E
ZNF600
DRICH1
RRP7A
SLC35E2B
ALG1L
SYCP2
IL1RAP
HLA-DRB1
ZNF107
GTF2IRD2
AC005154.1
POM121
ZNF124
TRAPPC4
SNHG17
ANKRD36B
ZNF429
ZNF100
ZSCAN26
ZNF300P1
MRPL21
ENTPD6
CCDC154
NMB
RPS26
ZNF780A
ZNF181
C2orf27A
GOLGA6L9
LEKR1
ZNF248
HIBCH
FLVCR1-AS1
NBR2
HLA-DRB5
SMOC1
TSEN15
C1orf174
SPOUT1
GPRASP1
L3MBTL3
AL590705.1
AL139353.1
EFCAB2
FAM229B
SNHG5
LCN8
TCEAL6
GIGYF2
ASAH2B
AGAP6
AGAP9
LRRC37A5P
BMS1P1
PTPN20
CYP21A1P
MICA
HLA-C
PSORS1C3
GUCY2EP
CCHCR1
PSORS1C1
ZNRD1ASP
ZFP57
LINC02210
AKT1S1
CBWD4P
LINC01291
MROH6
NAT8B
AC021218.1
ZNF155
PSG5
SPIRE2
SAP25
ATP6AP1L
SMN2
STAG3L1
LINC01597
VCX3B
BX890604.1
AC126755.1
PDPK2P
GOLGA8O
AC006305.1
HERC2P9
HLA-A
TRGV5
TRGV4
IGHV3-23
FAM106A
ARHGEF35
DNLZ
AC093724.1
COG8
ERV3-1
EEF1DP4
MRPL23
CPSF1P1
CPNE1
ARL16
PAXIP1-AS2
AC132008.2
AMZ2P1
KANSL1-AS1
LRRC37A4P
SEC14L6
EML6
CDIPT-AS1
AC092821.1
SMTNL1
AL772337.1
HLA-F-AS1
LRRC69
BX322639.1
LINC00680
AL592293.1
LINC00189
AC245297.1
SYCE3
AC073263.1
LINC00339
MIF-AS1
FAM228B
AL137784.1
VAMP2
OR1F12
ARIH2OS
ZNF880
XKR9
APOL6
URAHP
EXOSC6
HLA-DQB1-AS1
AL024497.1
CYP4F32P
CCDC18-AS1
HRAT92
SLC44A3-AS1
AC245452.1
SDHDP6
AC253536.1
GTF2IP5
RPL36P4
AC098483.1
HLA-DPB2
AL391095.1
LINC00853
AL133351.1
EIF4BP7
SLC9A3-AS1
GOLGA2P7
TRAPPC12-AS1
AP000350.2
LINC01594
LINC01504
RAB6C-AS1
JPX
HLA-S
AC012368.1
ABHD11-AS1
MTND1P23
GTF2IP14
LINC00623
LINC02519
NPIPB14P
AL451060.1
GTF2H2B
PSPHP1
HAGLROS
LINC01535
AC007966.1
PSMD5-AS1
AC006001.2
ATE1-AS1
RHEBP2
AC073210.1
AC073174.1
HCG4B
RBM26-AS1
AC017074.1
LINC01806
FGF7P6
SLC2A1-AS1
ADGRF5P1
AC018804.1
AL390728.4
AL031282.1
AC138969.2
AC073486.1
TARID
TOP3BP1
AC005013.1
AL513550.1
AL513283.1
TNKS2-AS1
WEE2-AS1
MRPL45P2
KRT223P
AC091729.3
CR769776.2
AC138089.1
HLA-DRB6
AC018638.1
AC053503.2
KIF25-AS1
AC012499.1
AL162231.2
TMEM254-AS1
SPDYE21P
SERPINB9P1
AL512488.1
THAP7-AS1
AL645929.1
BASP1P1
CYP4F60P
AL022324.1
KLHL7-AS1
AC018638.2
HLA-K
AC044797.1
AL591475.1
LINC01436
LINC01508
KLF3-AS1
AC002451.1
LINC01593
AC125232.1
BEND3P1
AC245100.4
FAHD2CP
AC099568.1
LINC01273
AL355312.2
DOC2GP
MTHFD1P1
PRH1
AL356361.2
AL662789.1
AC012313.1
LINC00865
AC026412.2
HLA-DQB2
LINC01166
LINC00342
RGS5
SNHG7
USP32P2
HOTAIRM1
RPL10P19
LINC02535
RNASEH1-AS1
CCT6P3
AL512625.3
NPIPB2
LINC01239
APOC2
ATP5HP4
ANKRD65
Z97192.3
LINC02532
HLA-W
LINC01372
FAM21EP
CPB2-AS1
LINC01814
ASMTL-AS1
AC104135.1
LINC00479
DDX11L2
AC068282.1
AC108448.2
ANKRD20A7P
AL136131.2
AL162725.2
GS1-124K5.4
BX088651.4
AC006960.2
CECR7
HLA-DQA2
OXCT2P1
C2orf74
IRGM
AL031726.1
AL365259.1
AL773545.3
NALT1
FLG-AS1
AC244197.2
LRRC37A2
AL080248.1
AL603839.3
RPL23AP1
LLPH-AS1
ST3GAL6-AS1
AC106047.1
DWORF
AC108752.1
GHRLOS
AL450384.2
PPIL3
RPL23AP7
AC004801.2
MIF
TPM3P9
HLA-DOB
AP001992.1
TDGF1
CDRT1
PMS2P11
LINC00893
PWP2
SERBP1P3
STAG3L5P
GTF2A1L
LINC00960
DECR2
AC107464.1
AC005062.1
ABCC13
PSG4
AC018638.4
C7orf73
AC018638.5
LINC02044
TIPARP-AS1
AC091153.3
CFHR1
AC005154.3
KRT18P34
C4A
GABPB1-AS1
LINC00847
AC093752.1
KCTD21-AS1
Z84485.1
LINC01252
CKMT2-AS1
TMEM161B-AS1
AC024896.1
UBA6-AS1
FLJ12825
TRIM52-AS1
SUMO2P17
FOSL1P1
AC098679.1
AC107220.1
ZNF436-AS1
LINC01060
CASC9
ZEB2P1
AC034231.1
AC005699.1
AC027338.1
LINC00964
AC011330.1
AC007663.2
CHCHD2P7
AC139495.3
ZNF718
AC253536.5
LINC02145
AP000808.1
LINC02121
STK19B
ATP6V1E2
AC097372.1
HMGN1P17
UGT2B26P
LINC02512
BMS1P2
AC025674.1
RFPL4B
LINC00958
AC093827.3
AC139713.2
GUSBP3
AC040970.1
C8orf88
CCDC71L
AC046195.1
AC034243.1
LINC01942
AC027309.1
MINCR
TPTE2P1
ALG1L13P
AC100810.1
AC103736.1
FLJ20021
AP004550.1
AP003068.2
WAC-AS1
PKD1P5
AP002387.1
LINC02235
GLYATL1P2
AP005018.2
AC067930.4
TMEM9B-AS1
AC135983.3
AC136475.3
AC067930.5
AP006621.2
PDXDC2P
AP006621.3
AP001922.5
Z97989.1
AC005363.1
AP000786.1
A2MP1
SMLR1
HMBS
AC018630.2
AC092745.2
AC007207.2
LINC02417
AC009318.1
AC048341.2
AC121761.1
FNBP1P1
CHURC1
AL162171.2
TMEM179
AC005520.2
PRKXP1
CSPG4P12
AC090825.1
AC242376.1
AC051619.3
SORD2P
AL117209.1
AC051619.5
AC090607.2
AC015712.2
IQCH-AS1
AC023906.4
PWRN1
AC217777.1
AL445483.1
MMP2-AS1
AC141586.2
LINC02562
AC092375.2
LINC01225
AC025279.2
AC027458.1
AL049796.1
FAM157C
ERVK13-1
SNAI3-AS1
AC010207.1
AC107871.2
LINC01541
AL118516.1
AC120498.4
AC104758.3
AC004656.1
AC135050.3
DOCK9-AS2
LMO7-AS1
RBFADN
AC133919.2
LINC01238
AC021016.2
AL031432.2
PDCD6IPP2
MAFTRR
LINC01003
SMG1P7
AC093525.6
AC083837.1
AC134682.1
AC006504.1
AC009054.2
AC099684.2
MAPK8IP1P1
AC005829.2
AC087741.1
AC110285.2
AC068152.1
GTF2I
ROCK1P1
AF001548.2
MAPK8IP1P2
PPP4R1-AS1
LINC00667
AC126544.1
AGAP7P
LINC00909
SUZ12P1
AGAP12P
AC243964.2
AC020663.2
AP001029.1
TBX2-AS1
AC005306.1
LINC01928
AP001542.3
CYP4F24P
AC011498.6
AP001160.2
AC245884.8
AC010615.2
AC092279.1
MTDHP3
AC006262.1
AC020915.4
MTDHP4
AC123912.4
ESPNP
PNMA6B
AC010320.3
SPIB
AC010422.4
AC010326.3
AC069307.1
AC010969.2
BMS1P7
AC127502.2
AC027020.2
AL359881.3
AP002840.2
AC104695.2
AL355353.1
AC010326.4
CTAGE15
AC004130.1
AL355376.2
AL117336.3
AC018638.7
AC012640.3
AC012467.1
AL162258.2
AC004233.3
AL645933.2
AC004908.1
AL512329.2
AC083964.1
AC116036.2
AC074032.1
AL513477.2
AL021368.3
GTF2IP13
AL590560.2
AC007620.3
AP000345.2
AC019131.2
AC253536.6
AC135803.1
AC083862.2
AC093799.2
AL008721.2
AC107983.2
INTS4P2
AC009309.1
NBPF26
AL022328.4
AC090114.2
AP000350.6
DGCR11
AC004908.3
AC006480.2
AC093788.1
AC064836.3
AC092140.2
AL121772.1
TBC1D3D
AC078909.2
AC242376.2
TBC1D3L
PI4KAP1
AC092123.2
AC244669.2
AC004825.2
AL031710.2
FP565260.1
AC009318.4
AC242842.1
AC026367.3
AL591441.1
FAM27E2
GXYLT1P5
AC004466.3
AL731566.2
HYDIN2
GTF2IP1
AC012409.3
TYW1B
AC005696.4
F8A1
AC136475.10
MIR6891
AC087633.2
AC009093.6
AL591926.7
AL359513.1
PMS2P2
GOLGA6L10
LINC00624
AL031602.1
AGAP14
AC007485.2
AL356750.1
AL078621.3
AC018665.1
AC112243.1
AL132780.4
AP006621.5
AP000280.1
CR392039.4
FLJ42393
AL032819.2
FP565260.6
AC009078.3
AC108215.1
AP002364.1
AP000648.3
CCDC163
AC090114.3
CTSLP2
HPVC1
AC024941.2
CICP14
AC104662.3
AP000851.2
AC241377.3
HCP5B
AC244226.1
FRG1CP
AC127502.3
AC074194.2
AC087521.4
AC233280.20
LINC01226
