SLC4A1
HHATL
ZIC2
MAGEC2
SLC12A3
SLC12A1
NMRK2
AQP6
TMPRSS11E
PVALB
FGF9
ESRP1
CASP14
ATP6V0A4
CALCA
KNG1
OTX1
ATP6V1B1
TTR
NKX2-3
PLG
RHBG
RAB25
MYH8
CA1
KRT7
CNMD
PIK3C2G
CYP1A1
RHCG
STAC2
KLK3
TMEM61
LHX9
STXBP5L
CRH
SLC26A7
ATP6V0D2
SLC22A8
FXYD4
C11orf53
ATP6V1G3
PART1
ADGRF1
UGT2B4
CLDN8
SST
SVOPL
PIP
BSND
LRRTM1
ASB5
SLC6A18
SLC30A8
SLC7A13
GLB1L3
CRABP1
AQP2
GGT6
KLK1
KLK4
FAM83B
FOXI1
SFTPB
PLA2G4F
NR0B1
UMOD
ZPLD1
DMRT2
GPRC6A
KLK15
C10orf71
OR4C6
C14orf180
RALYL
TCEAL2
CLCNKB
NUPR2
FOXI2
HEPACAM2
KLKP1
ADH4
VTRNA1-1
RN7SKP237
MOG
SNORA40B
HBG1
TMEM213
GSG1L2
LINC00588
GCGR
IGLV9-49
AL023754.1
AL117329.1
LINC01802
AC073283.2
LINC02554
PCGEM1
MIR4290HG
LINC01940
AL160408.1
AC010157.1
APCDD1L-AS1
AC091812.1
RPL13AP17
NCOA7-AS1
AL122008.3
AL161630.1
CDC42P2
AC006450.2
Z82185.1
LINC01115
AL121908.1
LINC00973
KRTAP5-8
AL160408.4
AC093904.2
LINC01187
LINC01612
SCARNA1
AL136088.1
AL353699.1
AC078950.1
AP006333.2
MIR200CHG
AC078955.1
AC025575.2
AC026888.1
AC023158.1
C15orf59-AS1
AL499627.1
LINC00890
AC104072.1
AC093904.4
AL049555.1
LY6L
LINC01975
AC016866.2
AC015910.1
AC016493.1
AC061975.7
AC010776.2
LINC01987
AC011523.1
MTDHP3
IGFL2-AS1
IGFL1P1
AC090241.2
AC010501.1
AC010776.3
AC023158.2
AC104237.2
AC104237.3
AC148477.4
AC020658.7
LINC01230
